<?xml version="1.0" encoding="UTF-8"?>
<testsuite xmlns:xsi="http://www.w3.org/2001/XMLSchema-instance" xsi:noNamespaceSchemaLocation="https://maven.apache.org/surefire/maven-surefire-plugin/xsd/surefire-test-report.xsd" name="nz.assurity.categories.functionaltests.CategoriesAPIFunctionalTest" time="4.443" tests="6" errors="0" skipped="0" failures="1">
  <properties>
    <property name="sun.desktop" value="windows"/>
    <property name="awt.toolkit" value="sun.awt.windows.WToolkit"/>
    <property name="file.encoding.pkg" value="sun.io"/>
    <property name="java.specification.version" value="1.8"/>
    <property name="sun.cpu.isalist" value="amd64"/>
    <property name="sun.jnu.encoding" value="Cp1252"/>
    <property name="java.class.path" value="F:\ShivrajMain\categories-api\target\test-classes;F:\ShivrajMain\categories-api\target\classes;C:\Users\Mohit\.m2\repository\org\springframework\boot\spring-boot-starter-web\2.3.2.RELEASE\spring-boot-starter-web-2.3.2.RELEASE.jar;C:\Users\Mohit\.m2\repository\org\springframework\boot\spring-boot-starter\2.3.2.RELEASE\spring-boot-starter-2.3.2.RELEASE.jar;C:\Users\Mohit\.m2\repository\org\springframework\boot\spring-boot\2.3.2.RELEASE\spring-boot-2.3.2.RELEASE.jar;C:\Users\Mohit\.m2\repository\org\springframework\boot\spring-boot-autoconfigure\2.3.2.RELEASE\spring-boot-autoconfigure-2.3.2.RELEASE.jar;C:\Users\Mohit\.m2\repository\org\springframework\boot\spring-boot-starter-logging\2.3.2.RELEASE\spring-boot-starter-logging-2.3.2.RELEASE.jar;C:\Users\Mohit\.m2\repository\ch\qos\logback\logback-classic\1.2.3\logback-classic-1.2.3.jar;C:\Users\Mohit\.m2\repository\ch\qos\logback\logback-core\1.2.3\logback-core-1.2.3.jar;C:\Users\Mohit\.m2\repository\org\apache\logging\log4j\log4j-to-slf4j\2.13.3\log4j-to-slf4j-2.13.3.jar;C:\Users\Mohit\.m2\repository\org\apache\logging\log4j\log4j-api\2.13.3\log4j-api-2.13.3.jar;C:\Users\Mohit\.m2\repository\org\slf4j\jul-to-slf4j\1.7.30\jul-to-slf4j-1.7.30.jar;C:\Users\Mohit\.m2\repository\jakarta\annotation\jakarta.annotation-api\1.3.5\jakarta.annotation-api-1.3.5.jar;C:\Users\Mohit\.m2\repository\org\yaml\snakeyaml\1.26\snakeyaml-1.26.jar;C:\Users\Mohit\.m2\repository\org\springframework\boot\spring-boot-starter-json\2.3.2.RELEASE\spring-boot-starter-json-2.3.2.RELEASE.jar;C:\Users\Mohit\.m2\repository\com\fasterxml\jackson\core\jackson-databind\2.11.1\jackson-databind-2.11.1.jar;C:\Users\Mohit\.m2\repository\com\fasterxml\jackson\core\jackson-annotations\2.11.1\jackson-annotations-2.11.1.jar;C:\Users\Mohit\.m2\repository\com\fasterxml\jackson\core\jackson-core\2.11.1\jackson-core-2.11.1.jar;C:\Users\Mohit\.m2\repository\com\fasterxml\jackson\datatype\jackson-datatype-jdk8\2.11.1\jackson-datatype-jdk8-2.11.1.jar;C:\Users\Mohit\.m2\repository\com\fasterxml\jackson\datatype\jackson-datatype-jsr310\2.11.1\jackson-datatype-jsr310-2.11.1.jar;C:\Users\Mohit\.m2\repository\com\fasterxml\jackson\module\jackson-module-parameter-names\2.11.1\jackson-module-parameter-names-2.11.1.jar;C:\Users\Mohit\.m2\repository\org\springframework\boot\spring-boot-starter-tomcat\2.3.2.RELEASE\spring-boot-starter-tomcat-2.3.2.RELEASE.jar;C:\Users\Mohit\.m2\repository\org\apache\tomcat\embed\tomcat-embed-core\9.0.37\tomcat-embed-core-9.0.37.jar;C:\Users\Mohit\.m2\repository\org\glassfish\jakarta.el\3.0.3\jakarta.el-3.0.3.jar;C:\Users\Mohit\.m2\repository\org\apache\tomcat\embed\tomcat-embed-websocket\9.0.37\tomcat-embed-websocket-9.0.37.jar;C:\Users\Mohit\.m2\repository\org\springframework\spring-web\5.2.8.RELEASE\spring-web-5.2.8.RELEASE.jar;C:\Users\Mohit\.m2\repository\org\springframework\spring-beans\5.2.8.RELEASE\spring-beans-5.2.8.RELEASE.jar;C:\Users\Mohit\.m2\repository\org\springframework\spring-webmvc\5.2.8.RELEASE\spring-webmvc-5.2.8.RELEASE.jar;C:\Users\Mohit\.m2\repository\org\springframework\spring-aop\5.2.8.RELEASE\spring-aop-5.2.8.RELEASE.jar;C:\Users\Mohit\.m2\repository\org\springframework\spring-context\5.2.8.RELEASE\spring-context-5.2.8.RELEASE.jar;C:\Users\Mohit\.m2\repository\org\springframework\spring-expression\5.2.8.RELEASE\spring-expression-5.2.8.RELEASE.jar;C:\Users\Mohit\.m2\repository\org\springframework\boot\spring-boot-starter-test\2.3.2.RELEASE\spring-boot-starter-test-2.3.2.RELEASE.jar;C:\Users\Mohit\.m2\repository\org\springframework\boot\spring-boot-test\2.3.2.RELEASE\spring-boot-test-2.3.2.RELEASE.jar;C:\Users\Mohit\.m2\repository\org\springframework\boot\spring-boot-test-autoconfigure\2.3.2.RELEASE\spring-boot-test-autoconfigure-2.3.2.RELEASE.jar;C:\Users\Mohit\.m2\repository\com\jayway\jsonpath\json-path\2.4.0\json-path-2.4.0.jar;C:\Users\Mohit\.m2\repository\net\minidev\json-smart\2.3\json-smart-2.3.jar;C:\Users\Mohit\.m2\repository\net\minidev\accessors-smart\1.2\accessors-smart-1.2.jar;C:\Users\Mohit\.m2\repository\org\ow2\asm\asm\5.0.4\asm-5.0.4.jar;C:\Users\Mohit\.m2\repository\org\slf4j\slf4j-api\1.7.30\slf4j-api-1.7.30.jar;C:\Users\Mohit\.m2\repository\jakarta\xml\bind\jakarta.xml.bind-api\2.3.3\jakarta.xml.bind-api-2.3.3.jar;C:\Users\Mohit\.m2\repository\jakarta\activation\jakarta.activation-api\1.2.2\jakarta.activation-api-1.2.2.jar;C:\Users\Mohit\.m2\repository\org\assertj\assertj-core\3.16.1\assertj-core-3.16.1.jar;C:\Users\Mohit\.m2\repository\org\hamcrest\hamcrest\2.2\hamcrest-2.2.jar;C:\Users\Mohit\.m2\repository\org\junit\jupiter\junit-jupiter\5.6.2\junit-jupiter-5.6.2.jar;C:\Users\Mohit\.m2\repository\org\junit\jupiter\junit-jupiter-api\5.6.2\junit-jupiter-api-5.6.2.jar;C:\Users\Mohit\.m2\repository\org\junit\jupiter\junit-jupiter-params\5.6.2\junit-jupiter-params-5.6.2.jar;C:\Users\Mohit\.m2\repository\org\junit\jupiter\junit-jupiter-engine\5.6.2\junit-jupiter-engine-5.6.2.jar;C:\Users\Mohit\.m2\repository\org\mockito\mockito-core\3.3.3\mockito-core-3.3.3.jar;C:\Users\Mohit\.m2\repository\net\bytebuddy\byte-buddy\1.10.13\byte-buddy-1.10.13.jar;C:\Users\Mohit\.m2\repository\net\bytebuddy\byte-buddy-agent\1.10.13\byte-buddy-agent-1.10.13.jar;C:\Users\Mohit\.m2\repository\org\objenesis\objenesis\2.6\objenesis-2.6.jar;C:\Users\Mohit\.m2\repository\org\mockito\mockito-junit-jupiter\3.3.3\mockito-junit-jupiter-3.3.3.jar;C:\Users\Mohit\.m2\repository\org\skyscreamer\jsonassert\1.5.0\jsonassert-1.5.0.jar;C:\Users\Mohit\.m2\repository\com\vaadin\external\google\android-json\0.0.20131108.vaadin1\android-json-0.0.20131108.vaadin1.jar;C:\Users\Mohit\.m2\repository\org\springframework\spring-core\5.2.8.RELEASE\spring-core-5.2.8.RELEASE.jar;C:\Users\Mohit\.m2\repository\org\springframework\spring-jcl\5.2.8.RELEASE\spring-jcl-5.2.8.RELEASE.jar;C:\Users\Mohit\.m2\repository\org\springframework\spring-test\5.2.8.RELEASE\spring-test-5.2.8.RELEASE.jar;C:\Users\Mohit\.m2\repository\org\xmlunit\xmlunit-core\2.7.0\xmlunit-core-2.7.0.jar;C:\Users\Mohit\.m2\repository\io\rest-assured\rest-assured\3.0.2\rest-assured-3.0.2.jar;C:\Users\Mohit\.m2\repository\org\codehaus\groovy\groovy\2.5.13\groovy-2.5.13.jar;C:\Users\Mohit\.m2\repository\org\codehaus\groovy\groovy-xml\2.5.13\groovy-xml-2.5.13.jar;C:\Users\Mohit\.m2\repository\org\apache\httpcomponents\httpclient\4.5.12\httpclient-4.5.12.jar;C:\Users\Mohit\.m2\repository\org\apache\httpcomponents\httpcore\4.4.13\httpcore-4.4.13.jar;C:\Users\Mohit\.m2\repository\commons-codec\commons-codec\1.14\commons-codec-1.14.jar;C:\Users\Mohit\.m2\repository\org\apache\httpcomponents\httpmime\4.5.12\httpmime-4.5.12.jar;C:\Users\Mohit\.m2\repository\org\hamcrest\hamcrest-core\2.2\hamcrest-core-2.2.jar;C:\Users\Mohit\.m2\repository\org\hamcrest\hamcrest-library\2.2\hamcrest-library-2.2.jar;C:\Users\Mohit\.m2\repository\org\ccil\cowan\tagsoup\tagsoup\1.2.1\tagsoup-1.2.1.jar;C:\Users\Mohit\.m2\repository\io\rest-assured\json-path\3.3.0\json-path-3.3.0.jar;C:\Users\Mohit\.m2\repository\org\codehaus\groovy\groovy-json\2.5.13\groovy-json-2.5.13.jar;C:\Users\Mohit\.m2\repository\io\rest-assured\rest-assured-common\3.3.0\rest-assured-common-3.3.0.jar;C:\Users\Mohit\.m2\repository\io\rest-assured\xml-path\3.3.0\xml-path-3.3.0.jar;C:\Users\Mohit\.m2\repository\org\apache\commons\commons-lang3\3.10\commons-lang3-3.10.jar;C:\Users\Mohit\.m2\repository\javax\xml\bind\jaxb-api\2.3.1\jaxb-api-2.3.1.jar;C:\Users\Mohit\.m2\repository\javax\activation\javax.activation-api\1.2.0\javax.activation-api-1.2.0.jar;C:\Users\Mohit\.m2\repository\com\sun\xml\bind\jaxb-osgi\2.2.10\jaxb-osgi-2.2.10.jar;C:\Users\Mohit\.m2\repository\org\apache\sling\org.apache.sling.javax.activation\0.1.0\org.apache.sling.javax.activation-0.1.0.jar;C:\Users\Mohit\.m2\repository\javax\activation\activation\1.1.1\activation-1.1.1.jar;C:\Users\Mohit\.m2\repository\junit\junit\4.13\junit-4.13.jar;C:\Users\Mohit\.m2\repository\org\junit\vintage\junit-vintage-engine\5.6.2\junit-vintage-engine-5.6.2.jar;C:\Users\Mohit\.m2\repository\org\apiguardian\apiguardian-api\1.1.0\apiguardian-api-1.1.0.jar;C:\Users\Mohit\.m2\repository\org\junit\platform\junit-platform-engine\1.6.2\junit-platform-engine-1.6.2.jar;C:\Users\Mohit\.m2\repository\org\opentest4j\opentest4j\1.2.0\opentest4j-1.2.0.jar;C:\Users\Mohit\.m2\repository\org\junit\platform\junit-platform-commons\1.6.2\junit-platform-commons-1.6.2.jar;"/>
    <property name="java.vm.vendor" value="Oracle Corporation"/>
    <property name="sun.arch.data.model" value="64"/>
    <property name="user.variant" value=""/>
    <property name="java.vendor.url" value="http://java.oracle.com/"/>
    <property name="user.timezone" value="Pacific/Auckland"/>
    <property name="java.vm.specification.version" value="1.8"/>
    <property name="os.name" value="Windows 10"/>
    <property name="user.country" value="IN"/>
    <property name="sun.java.launcher" value="SUN_STANDARD"/>
    <property name="sun.boot.library.path" value="C:\Program Files\OpenJDK\openjdk-8u292-b10\jre\bin"/>
    <property name="sun.java.command" value="C:\Users\Mohit\AppData\Local\Temp\surefire2001690271538405827\surefirebooter4197854429806922990.jar C:\Users\Mohit\AppData\Local\Temp\surefire2001690271538405827 2021-05-16T11-51-31_994-jvmRun1 surefire6482879618083172477tmp surefire_0847138555265312846tmp"/>
    <property name="surefire.test.class.path" value="F:\ShivrajMain\categories-api\target\test-classes;F:\ShivrajMain\categories-api\target\classes;C:\Users\Mohit\.m2\repository\org\springframework\boot\spring-boot-starter-web\2.3.2.RELEASE\spring-boot-starter-web-2.3.2.RELEASE.jar;C:\Users\Mohit\.m2\repository\org\springframework\boot\spring-boot-starter\2.3.2.RELEASE\spring-boot-starter-2.3.2.RELEASE.jar;C:\Users\Mohit\.m2\repository\org\springframework\boot\spring-boot\2.3.2.RELEASE\spring-boot-2.3.2.RELEASE.jar;C:\Users\Mohit\.m2\repository\org\springframework\boot\spring-boot-autoconfigure\2.3.2.RELEASE\spring-boot-autoconfigure-2.3.2.RELEASE.jar;C:\Users\Mohit\.m2\repository\org\springframework\boot\spring-boot-starter-logging\2.3.2.RELEASE\spring-boot-starter-logging-2.3.2.RELEASE.jar;C:\Users\Mohit\.m2\repository\ch\qos\logback\logback-classic\1.2.3\logback-classic-1.2.3.jar;C:\Users\Mohit\.m2\repository\ch\qos\logback\logback-core\1.2.3\logback-core-1.2.3.jar;C:\Users\Mohit\.m2\repository\org\apache\logging\log4j\log4j-to-slf4j\2.13.3\log4j-to-slf4j-2.13.3.jar;C:\Users\Mohit\.m2\repository\org\apache\logging\log4j\log4j-api\2.13.3\log4j-api-2.13.3.jar;C:\Users\Mohit\.m2\repository\org\slf4j\jul-to-slf4j\1.7.30\jul-to-slf4j-1.7.30.jar;C:\Users\Mohit\.m2\repository\jakarta\annotation\jakarta.annotation-api\1.3.5\jakarta.annotation-api-1.3.5.jar;C:\Users\Mohit\.m2\repository\org\yaml\snakeyaml\1.26\snakeyaml-1.26.jar;C:\Users\Mohit\.m2\repository\org\springframework\boot\spring-boot-starter-json\2.3.2.RELEASE\spring-boot-starter-json-2.3.2.RELEASE.jar;C:\Users\Mohit\.m2\repository\com\fasterxml\jackson\core\jackson-databind\2.11.1\jackson-databind-2.11.1.jar;C:\Users\Mohit\.m2\repository\com\fasterxml\jackson\core\jackson-annotations\2.11.1\jackson-annotations-2.11.1.jar;C:\Users\Mohit\.m2\repository\com\fasterxml\jackson\core\jackson-core\2.11.1\jackson-core-2.11.1.jar;C:\Users\Mohit\.m2\repository\com\fasterxml\jackson\datatype\jackson-datatype-jdk8\2.11.1\jackson-datatype-jdk8-2.11.1.jar;C:\Users\Mohit\.m2\repository\com\fasterxml\jackson\datatype\jackson-datatype-jsr310\2.11.1\jackson-datatype-jsr310-2.11.1.jar;C:\Users\Mohit\.m2\repository\com\fasterxml\jackson\module\jackson-module-parameter-names\2.11.1\jackson-module-parameter-names-2.11.1.jar;C:\Users\Mohit\.m2\repository\org\springframework\boot\spring-boot-starter-tomcat\2.3.2.RELEASE\spring-boot-starter-tomcat-2.3.2.RELEASE.jar;C:\Users\Mohit\.m2\repository\org\apache\tomcat\embed\tomcat-embed-core\9.0.37\tomcat-embed-core-9.0.37.jar;C:\Users\Mohit\.m2\repository\org\glassfish\jakarta.el\3.0.3\jakarta.el-3.0.3.jar;C:\Users\Mohit\.m2\repository\org\apache\tomcat\embed\tomcat-embed-websocket\9.0.37\tomcat-embed-websocket-9.0.37.jar;C:\Users\Mohit\.m2\repository\org\springframework\spring-web\5.2.8.RELEASE\spring-web-5.2.8.RELEASE.jar;C:\Users\Mohit\.m2\repository\org\springframework\spring-beans\5.2.8.RELEASE\spring-beans-5.2.8.RELEASE.jar;C:\Users\Mohit\.m2\repository\org\springframework\spring-webmvc\5.2.8.RELEASE\spring-webmvc-5.2.8.RELEASE.jar;C:\Users\Mohit\.m2\repository\org\springframework\spring-aop\5.2.8.RELEASE\spring-aop-5.2.8.RELEASE.jar;C:\Users\Mohit\.m2\repository\org\springframework\spring-context\5.2.8.RELEASE\spring-context-5.2.8.RELEASE.jar;C:\Users\Mohit\.m2\repository\org\springframework\spring-expression\5.2.8.RELEASE\spring-expression-5.2.8.RELEASE.jar;C:\Users\Mohit\.m2\repository\org\springframework\boot\spring-boot-starter-test\2.3.2.RELEASE\spring-boot-starter-test-2.3.2.RELEASE.jar;C:\Users\Mohit\.m2\repository\org\springframework\boot\spring-boot-test\2.3.2.RELEASE\spring-boot-test-2.3.2.RELEASE.jar;C:\Users\Mohit\.m2\repository\org\springframework\boot\spring-boot-test-autoconfigure\2.3.2.RELEASE\spring-boot-test-autoconfigure-2.3.2.RELEASE.jar;C:\Users\Mohit\.m2\repository\com\jayway\jsonpath\json-path\2.4.0\json-path-2.4.0.jar;C:\Users\Mohit\.m2\repository\net\minidev\json-smart\2.3\json-smart-2.3.jar;C:\Users\Mohit\.m2\repository\net\minidev\accessors-smart\1.2\accessors-smart-1.2.jar;C:\Users\Mohit\.m2\repository\org\ow2\asm\asm\5.0.4\asm-5.0.4.jar;C:\Users\Mohit\.m2\repository\org\slf4j\slf4j-api\1.7.30\slf4j-api-1.7.30.jar;C:\Users\Mohit\.m2\repository\jakarta\xml\bind\jakarta.xml.bind-api\2.3.3\jakarta.xml.bind-api-2.3.3.jar;C:\Users\Mohit\.m2\repository\jakarta\activation\jakarta.activation-api\1.2.2\jakarta.activation-api-1.2.2.jar;C:\Users\Mohit\.m2\repository\org\assertj\assertj-core\3.16.1\assertj-core-3.16.1.jar;C:\Users\Mohit\.m2\repository\org\hamcrest\hamcrest\2.2\hamcrest-2.2.jar;C:\Users\Mohit\.m2\repository\org\junit\jupiter\junit-jupiter\5.6.2\junit-jupiter-5.6.2.jar;C:\Users\Mohit\.m2\repository\org\junit\jupiter\junit-jupiter-api\5.6.2\junit-jupiter-api-5.6.2.jar;C:\Users\Mohit\.m2\repository\org\junit\jupiter\junit-jupiter-params\5.6.2\junit-jupiter-params-5.6.2.jar;C:\Users\Mohit\.m2\repository\org\junit\jupiter\junit-jupiter-engine\5.6.2\junit-jupiter-engine-5.6.2.jar;C:\Users\Mohit\.m2\repository\org\mockito\mockito-core\3.3.3\mockito-core-3.3.3.jar;C:\Users\Mohit\.m2\repository\net\bytebuddy\byte-buddy\1.10.13\byte-buddy-1.10.13.jar;C:\Users\Mohit\.m2\repository\net\bytebuddy\byte-buddy-agent\1.10.13\byte-buddy-agent-1.10.13.jar;C:\Users\Mohit\.m2\repository\org\objenesis\objenesis\2.6\objenesis-2.6.jar;C:\Users\Mohit\.m2\repository\org\mockito\mockito-junit-jupiter\3.3.3\mockito-junit-jupiter-3.3.3.jar;C:\Users\Mohit\.m2\repository\org\skyscreamer\jsonassert\1.5.0\jsonassert-1.5.0.jar;C:\Users\Mohit\.m2\repository\com\vaadin\external\google\android-json\0.0.20131108.vaadin1\android-json-0.0.20131108.vaadin1.jar;C:\Users\Mohit\.m2\repository\org\springframework\spring-core\5.2.8.RELEASE\spring-core-5.2.8.RELEASE.jar;C:\Users\Mohit\.m2\repository\org\springframework\spring-jcl\5.2.8.RELEASE\spring-jcl-5.2.8.RELEASE.jar;C:\Users\Mohit\.m2\repository\org\springframework\spring-test\5.2.8.RELEASE\spring-test-5.2.8.RELEASE.jar;C:\Users\Mohit\.m2\repository\org\xmlunit\xmlunit-core\2.7.0\xmlunit-core-2.7.0.jar;C:\Users\Mohit\.m2\repository\io\rest-assured\rest-assured\3.0.2\rest-assured-3.0.2.jar;C:\Users\Mohit\.m2\repository\org\codehaus\groovy\groovy\2.5.13\groovy-2.5.13.jar;C:\Users\Mohit\.m2\repository\org\codehaus\groovy\groovy-xml\2.5.13\groovy-xml-2.5.13.jar;C:\Users\Mohit\.m2\repository\org\apache\httpcomponents\httpclient\4.5.12\httpclient-4.5.12.jar;C:\Users\Mohit\.m2\repository\org\apache\httpcomponents\httpcore\4.4.13\httpcore-4.4.13.jar;C:\Users\Mohit\.m2\repository\commons-codec\commons-codec\1.14\commons-codec-1.14.jar;C:\Users\Mohit\.m2\repository\org\apache\httpcomponents\httpmime\4.5.12\httpmime-4.5.12.jar;C:\Users\Mohit\.m2\repository\org\hamcrest\hamcrest-core\2.2\hamcrest-core-2.2.jar;C:\Users\Mohit\.m2\repository\org\hamcrest\hamcrest-library\2.2\hamcrest-library-2.2.jar;C:\Users\Mohit\.m2\repository\org\ccil\cowan\tagsoup\tagsoup\1.2.1\tagsoup-1.2.1.jar;C:\Users\Mohit\.m2\repository\io\rest-assured\json-path\3.3.0\json-path-3.3.0.jar;C:\Users\Mohit\.m2\repository\org\codehaus\groovy\groovy-json\2.5.13\groovy-json-2.5.13.jar;C:\Users\Mohit\.m2\repository\io\rest-assured\rest-assured-common\3.3.0\rest-assured-common-3.3.0.jar;C:\Users\Mohit\.m2\repository\io\rest-assured\xml-path\3.3.0\xml-path-3.3.0.jar;C:\Users\Mohit\.m2\repository\org\apache\commons\commons-lang3\3.10\commons-lang3-3.10.jar;C:\Users\Mohit\.m2\repository\javax\xml\bind\jaxb-api\2.3.1\jaxb-api-2.3.1.jar;C:\Users\Mohit\.m2\repository\javax\activation\javax.activation-api\1.2.0\javax.activation-api-1.2.0.jar;C:\Users\Mohit\.m2\repository\com\sun\xml\bind\jaxb-osgi\2.2.10\jaxb-osgi-2.2.10.jar;C:\Users\Mohit\.m2\repository\org\apache\sling\org.apache.sling.javax.activation\0.1.0\org.apache.sling.javax.activation-0.1.0.jar;C:\Users\Mohit\.m2\repository\javax\activation\activation\1.1.1\activation-1.1.1.jar;C:\Users\Mohit\.m2\repository\junit\junit\4.13\junit-4.13.jar;C:\Users\Mohit\.m2\repository\org\junit\vintage\junit-vintage-engine\5.6.2\junit-vintage-engine-5.6.2.jar;C:\Users\Mohit\.m2\repository\org\apiguardian\apiguardian-api\1.1.0\apiguardian-api-1.1.0.jar;C:\Users\Mohit\.m2\repository\org\junit\platform\junit-platform-engine\1.6.2\junit-platform-engine-1.6.2.jar;C:\Users\Mohit\.m2\repository\org\opentest4j\opentest4j\1.2.0\opentest4j-1.2.0.jar;C:\Users\Mohit\.m2\repository\org\junit\platform\junit-platform-commons\1.6.2\junit-platform-commons-1.6.2.jar;"/>
    <property name="sun.cpu.endian" value="little"/>
    <property name="user.home" value="C:\Users\Mohit"/>
    <property name="user.language" value="en"/>
    <property name="java.specification.vendor" value="Oracle Corporation"/>
    <property name="java.home" value="C:\Program Files\OpenJDK\openjdk-8u292-b10\jre"/>
    <property name="basedir" value="F:\ShivrajMain\categories-api"/>
    <property name="file.separator" value="\"/>
    <property name="line.separator" value="&#10;"/>
    <property name="java.vm.specification.vendor" value="Oracle Corporation"/>
    <property name="java.specification.name" value="Java Platform API Specification"/>
    <property name="java.awt.graphicsenv" value="sun.awt.Win32GraphicsEnvironment"/>
    <property name="surefire.real.class.path" value="C:\Users\Mohit\AppData\Local\Temp\surefire2001690271538405827\surefirebooter4197854429806922990.jar"/>
    <property name="sun.boot.class.path" value="C:\Program Files\OpenJDK\openjdk-8u292-b10\jre\lib\resources.jar;C:\Program Files\OpenJDK\openjdk-8u292-b10\jre\lib\rt.jar;C:\Program Files\OpenJDK\openjdk-8u292-b10\jre\lib\sunrsasign.jar;C:\Program Files\OpenJDK\openjdk-8u292-b10\jre\lib\jsse.jar;C:\Program Files\OpenJDK\openjdk-8u292-b10\jre\lib\jce.jar;C:\Program Files\OpenJDK\openjdk-8u292-b10\jre\lib\charsets.jar;C:\Program Files\OpenJDK\openjdk-8u292-b10\jre\lib\jfr.jar;C:\Program Files\OpenJDK\openjdk-8u292-b10\jre\classes"/>
    <property name="user.script" value=""/>
    <property name="sun.management.compiler" value="HotSpot 64-Bit Tiered Compilers"/>
    <property name="java.runtime.version" value="1.8.0_292-b10"/>
    <property name="user.name" value="Mohit"/>
    <property name="path.separator" value=";"/>
    <property name="os.version" value="10.0"/>
    <property name="java.endorsed.dirs" value="C:\Program Files\OpenJDK\openjdk-8u292-b10\jre\lib\endorsed"/>
    <property name="java.runtime.name" value="OpenJDK Runtime Environment"/>
    <property name="file.encoding" value="Cp1252"/>
    <property name="java.vm.name" value="OpenJDK 64-Bit Server VM"/>
    <property name="localRepository" value="C:\Users\Mohit\.m2\repository"/>
    <property name="java.vendor.url.bug" value="http://bugreport.sun.com/bugreport/"/>
    <property name="java.io.tmpdir" value="C:\Users\Mohit\AppData\Local\Temp\"/>
    <property name="java.version" value="1.8.0_292"/>
    <property name="user.dir" value="F:\ShivrajMain\categories-api"/>
    <property name="os.arch" value="amd64"/>
    <property name="java.vm.specification.name" value="Java Virtual Machine Specification"/>
    <property name="java.awt.printerjob" value="sun.awt.windows.WPrinterJob"/>
    <property name="sun.os.patch.level" value=""/>
    <property name="java.library.path" value="C:\Program Files\OpenJDK\openjdk-8u292-b10\jre\bin;C:\WINDOWS\Sun\Java\bin;C:\WINDOWS\system32;C:\WINDOWS;C:\Users\Mohit\bin;C:\Program Files\Git\mingw64\bin;C:\Program Files\Git\usr\local\bin;C:\Program Files\Git\usr\bin;C:\Program Files\Git\usr\bin;C:\Program Files\Git\mingw64\bin;C:\Program Files\Git\usr\bin;C:\Users\Mohit\bin;C:\WINDOWS\system32;C:\WINDOWS;C:\WINDOWS\System32\Wbem;C:\WINDOWS\System32\WindowsPowerShell\v1.0;C:\Program Files (x86)\Common Files\lenovo\easyplussdk\bin;C:\Program Files (x86)\ATI Technologies\ATI.ACE\Core-Static;C:\Program Files\Intel\WiFi\bin;C:\Program Files\Common Files\Intel\WirelessCommon;C:\WINDOWS\System32\OpenSSH;C:\ProgramData\chocolatey\bin;C:\ProgramData\chocolatey\lib\maven\apache-maven-3.8.1\bin;C:\Program Files\Git\cmd;C:\Program Files\OpenJDK\openjdk-8u292-b10\bin;C:\Users\Mohit\AppData\Local\Microsoft\WindowsApps;C:\Program Files\Git\usr\bin\vendor_perl;C:\Program Files\Git\usr\bin\core_perl;."/>
    <property name="java.vm.info" value="mixed mode"/>
    <property name="java.vendor" value="Oracle Corporation"/>
    <property name="java.vm.version" value="25.292-b10"/>
    <property name="java.ext.dirs" value="C:\Program Files\OpenJDK\openjdk-8u292-b10\jre\lib\ext;C:\WINDOWS\Sun\Java\lib\ext"/>
    <property name="sun.io.unicode.encoding" value="UnicodeLittle"/>
    <property name="java.class.version" value="52.0"/>
  </properties>
  <testcase name="getCategory_Details_By_CategoryId_CanReList_Should_Be_True" classname="nz.assurity.categories.functionaltests.CategoriesAPIFunctionalTest" time="1.62"/>
  <testcase name="getCategory_Should_Return_Status_400_BadRequest" classname="nz.assurity.categories.functionaltests.CategoriesAPIFunctionalTest" time="0.669"/>
  <testcase name="getCategory_Details_By_CategoryId_Category_Name_ShouldBe_Correct" classname="nz.assurity.categories.functionaltests.CategoriesAPIFunctionalTest" time="0.395"/>
  <testcase name="getCategory_Details_By_CategoryId_Description_Should_Be_Correct" classname="nz.assurity.categories.functionaltests.CategoriesAPIFunctionalTest" time="0.284">
    <failure message="expected: &lt;Good position in category&gt; but was: &lt;2x larger image&gt;" type="org.opentest4j.AssertionFailedError"><![CDATA[org.opentest4j.AssertionFailedError: expected: <Good position in category> but was: <2x larger image>
	at nz.assurity.categories.functionaltests.CategoriesAPIFunctionalTest.lambda$validatePromotions$1(CategoriesAPIFunctionalTest.java:140)
	at nz.assurity.categories.functionaltests.CategoriesAPIFunctionalTest.validatePromotions(CategoriesAPIFunctionalTest.java:139)
	at nz.assurity.categories.functionaltests.CategoriesAPIFunctionalTest.getCategory_Details_By_CategoryId_Description_Should_Be_Correct(CategoriesAPIFunctionalTest.java:74)
]]></failure>
    <system-out><![CDATA[11:51:42.478 [main] DEBUG org.springframework.test.annotation.ProfileValueUtils - Retrieved @ProfileValueSourceConfiguration [null] for test class [nz.assurity.categories.functionaltests.CategoriesAPIFunctionalTest]
11:51:42.478 [main] DEBUG org.springframework.test.annotation.ProfileValueUtils - Retrieved ProfileValueSource type [class org.springframework.test.annotation.SystemProfileValueSource] for class [nz.assurity.categories.functionaltests.CategoriesAPIFunctionalTest]
11:51:42.479 [main] DEBUG org.springframework.test.context.support.DependencyInjectionTestExecutionListener - Performing dependency injection for test context [[DefaultTestContext@f8f56b9 testClass = CategoriesAPIFunctionalTest, testInstance = nz.assurity.categories.functionaltests.CategoriesAPIFunctionalTest@7a34f66a, testMethod = [null], testException = [null], mergedContextConfiguration = [MergedContextConfiguration@15fa55a6 testClass = CategoriesAPIFunctionalTest, locations = '{}', classes = '{}', contextInitializerClasses = '[]', activeProfiles = '{}', propertySourceLocations = '{classpath:/test.properties}', propertySourceProperties = '{}', contextCustomizers = set[org.springframework.boot.test.context.filter.ExcludeFilterContextCustomizer@6b419da, org.springframework.boot.test.json.DuplicateJsonObjectContextCustomizerFactory$DuplicateJsonObjectContextCustomizer@258e2e41, org.springframework.boot.test.mock.mockito.MockitoContextCustomizer@0, org.springframework.boot.test.autoconfigure.properties.PropertyMappingContextCustomizer@0, org.springframework.boot.test.autoconfigure.web.servlet.WebDriverContextCustomizerFactory$Customizer@1df82230], contextLoader = 'org.springframework.test.context.support.DelegatingSmartContextLoader', parent = [null]], attributes = map[[empty]]]].
11:51:42.480 [main] DEBUG org.springframework.test.context.cache.DefaultCacheAwareContextLoaderDelegate - Retrieved ApplicationContext [775386112] from cache with key [[MergedContextConfiguration@15fa55a6 testClass = CategoriesAPIFunctionalTest, locations = '{}', classes = '{}', contextInitializerClasses = '[]', activeProfiles = '{}', propertySourceLocations = '{classpath:/test.properties}', propertySourceProperties = '{}', contextCustomizers = set[org.springframework.boot.test.context.filter.ExcludeFilterContextCustomizer@6b419da, org.springframework.boot.test.json.DuplicateJsonObjectContextCustomizerFactory$DuplicateJsonObjectContextCustomizer@258e2e41, org.springframework.boot.test.mock.mockito.MockitoContextCustomizer@0, org.springframework.boot.test.autoconfigure.properties.PropertyMappingContextCustomizer@0, org.springframework.boot.test.autoconfigure.web.servlet.WebDriverContextCustomizerFactory$Customizer@1df82230], contextLoader = 'org.springframework.test.context.support.DelegatingSmartContextLoader', parent = [null]]]
11:51:42.480 [main] DEBUG org.springframework.test.context.cache - Spring test ApplicationContext cache statistics: [DefaultContextCache@6440112d size = 1, maxSize = 32, parentContextCount = 0, hitCount = 46, missCount = 1]
11:51:42.480 [main] DEBUG org.springframework.core.env.PropertySourcesPropertyResolver - Found key 'categoriesUrl' in PropertySource 'class path resource [test.properties]' with value of type String
11:51:42.484 [main] DEBUG org.springframework.test.context.cache.DefaultCacheAwareContextLoaderDelegate - Retrieved ApplicationContext [775386112] from cache with key [[MergedContextConfiguration@15fa55a6 testClass = CategoriesAPIFunctionalTest, locations = '{}', classes = '{}', contextInitializerClasses = '[]', activeProfiles = '{}', propertySourceLocations = '{classpath:/test.properties}', propertySourceProperties = '{}', contextCustomizers = set[org.springframework.boot.test.context.filter.ExcludeFilterContextCustomizer@6b419da, org.springframework.boot.test.json.DuplicateJsonObjectContextCustomizerFactory$DuplicateJsonObjectContextCustomizer@258e2e41, org.springframework.boot.test.mock.mockito.MockitoContextCustomizer@0, org.springframework.boot.test.autoconfigure.properties.PropertyMappingContextCustomizer@0, org.springframework.boot.test.autoconfigure.web.servlet.WebDriverContextCustomizerFactory$Customizer@1df82230], contextLoader = 'org.springframework.test.context.support.DelegatingSmartContextLoader', parent = [null]]]
11:51:42.484 [main] DEBUG org.springframework.test.context.cache - Spring test ApplicationContext cache statistics: [DefaultContextCache@6440112d size = 1, maxSize = 32, parentContextCount = 0, hitCount = 47, missCount = 1]
11:51:42.485 [main] DEBUG org.springframework.test.context.support.AbstractDirtiesContextTestExecutionListener - Before test method: context [DefaultTestContext@f8f56b9 testClass = CategoriesAPIFunctionalTest, testInstance = nz.assurity.categories.functionaltests.CategoriesAPIFunctionalTest@7a34f66a, testMethod = getCategory_Details_By_CategoryId_Description_Should_Be_Correct@CategoriesAPIFunctionalTest, testException = [null], mergedContextConfiguration = [MergedContextConfiguration@15fa55a6 testClass = CategoriesAPIFunctionalTest, locations = '{}', classes = '{}', contextInitializerClasses = '[]', activeProfiles = '{}', propertySourceLocations = '{classpath:/test.properties}', propertySourceProperties = '{}', contextCustomizers = set[org.springframework.boot.test.context.filter.ExcludeFilterContextCustomizer@6b419da, org.springframework.boot.test.json.DuplicateJsonObjectContextCustomizerFactory$DuplicateJsonObjectContextCustomizer@258e2e41, org.springframework.boot.test.mock.mockito.MockitoContextCustomizer@0, org.springframework.boot.test.autoconfigure.properties.PropertyMappingContextCustomizer@0, org.springframework.boot.test.autoconfigure.web.servlet.WebDriverContextCustomizerFactory$Customizer@1df82230], contextLoader = 'org.springframework.test.context.support.DelegatingSmartContextLoader', parent = [null]], attributes = map[[empty]]], class annotated with @DirtiesContext [false] with mode [null], method annotated with @DirtiesContext [false] with mode [null].
11:51:42.487 [main] DEBUG org.springframework.test.context.cache.DefaultCacheAwareContextLoaderDelegate - Retrieved ApplicationContext [775386112] from cache with key [[MergedContextConfiguration@15fa55a6 testClass = CategoriesAPIFunctionalTest, locations = '{}', classes = '{}', contextInitializerClasses = '[]', activeProfiles = '{}', propertySourceLocations = '{classpath:/test.properties}', propertySourceProperties = '{}', contextCustomizers = set[org.springframework.boot.test.context.filter.ExcludeFilterContextCustomizer@6b419da, org.springframework.boot.test.json.DuplicateJsonObjectContextCustomizerFactory$DuplicateJsonObjectContextCustomizer@258e2e41, org.springframework.boot.test.mock.mockito.MockitoContextCustomizer@0, org.springframework.boot.test.autoconfigure.properties.PropertyMappingContextCustomizer@0, org.springframework.boot.test.autoconfigure.web.servlet.WebDriverContextCustomizerFactory$Customizer@1df82230], contextLoader = 'org.springframework.test.context.support.DelegatingSmartContextLoader', parent = [null]]]
11:51:42.490 [main] DEBUG org.springframework.test.context.cache - Spring test ApplicationContext cache statistics: [DefaultContextCache@6440112d size = 1, maxSize = 32, parentContextCount = 0, hitCount = 48, missCount = 1]
11:51:42.491 [main] DEBUG org.springframework.test.context.cache.DefaultCacheAwareContextLoaderDelegate - Retrieved ApplicationContext [775386112] from cache with key [[MergedContextConfiguration@15fa55a6 testClass = CategoriesAPIFunctionalTest, locations = '{}', classes = '{}', contextInitializerClasses = '[]', activeProfiles = '{}', propertySourceLocations = '{classpath:/test.properties}', propertySourceProperties = '{}', contextCustomizers = set[org.springframework.boot.test.context.filter.ExcludeFilterContextCustomizer@6b419da, org.springframework.boot.test.json.DuplicateJsonObjectContextCustomizerFactory$DuplicateJsonObjectContextCustomizer@258e2e41, org.springframework.boot.test.mock.mockito.MockitoContextCustomizer@0, org.springframework.boot.test.autoconfigure.properties.PropertyMappingContextCustomizer@0, org.springframework.boot.test.autoconfigure.web.servlet.WebDriverContextCustomizerFactory$Customizer@1df82230], contextLoader = 'org.springframework.test.context.support.DelegatingSmartContextLoader', parent = [null]]]
11:51:42.491 [main] DEBUG org.springframework.test.context.cache - Spring test ApplicationContext cache statistics: [DefaultContextCache@6440112d size = 1, maxSize = 32, parentContextCount = 0, hitCount = 49, missCount = 1]
11:51:42.529 [main] DEBUG org.apache.http.impl.conn.BasicClientConnectionManager - Get connection for route {s}->https://api.tmsandbox.co.nz:443
11:51:42.529 [main] DEBUG org.apache.http.impl.conn.DefaultClientConnectionOperator - Connecting to api.tmsandbox.co.nz:443
11:51:42.773 [main] DEBUG org.apache.http.client.protocol.RequestAddCookies - CookieSpec selected: ignoreCookies
11:51:42.773 [main] DEBUG org.apache.http.client.protocol.RequestAuthCache - Auth cache not set in the context
11:51:42.773 [main] DEBUG org.apache.http.client.protocol.RequestTargetAuthentication - Target auth state: UNCHALLENGED
11:51:42.773 [main] DEBUG org.apache.http.client.protocol.RequestProxyAuthentication - Proxy auth state: UNCHALLENGED
11:51:42.773 [main] DEBUG org.apache.http.impl.client.DefaultHttpClient - Attempt 1 to execute request
11:51:42.773 [main] DEBUG org.apache.http.impl.conn.DefaultClientConnection - Sending request: GET /v1/Categories/6327/Details.json?catalogue=false HTTP/1.1
11:51:42.773 [main] DEBUG org.apache.http.wire -  >> "GET /v1/Categories/6327/Details.json?catalogue=false HTTP/1.1[\r][\n]"
11:51:42.774 [main] DEBUG org.apache.http.wire -  >> "Content-Type: application/json; charset=UTF-8[\r][\n]"
11:51:42.774 [main] DEBUG org.apache.http.wire -  >> "Accept: application/json[\r][\n]"
11:51:42.774 [main] DEBUG org.apache.http.wire -  >> "Content-Length: 0[\r][\n]"
11:51:42.774 [main] DEBUG org.apache.http.wire -  >> "Host: api.tmsandbox.co.nz[\r][\n]"
11:51:42.774 [main] DEBUG org.apache.http.wire -  >> "Connection: Keep-Alive[\r][\n]"
11:51:42.774 [main] DEBUG org.apache.http.wire -  >> "User-Agent: Apache-HttpClient/4.5.12 (Java/1.8.0_292)[\r][\n]"
11:51:42.774 [main] DEBUG org.apache.http.wire -  >> "Accept-Encoding: gzip,deflate[\r][\n]"
11:51:42.774 [main] DEBUG org.apache.http.wire -  >> "[\r][\n]"
11:51:42.774 [main] DEBUG org.apache.http.headers - >> GET /v1/Categories/6327/Details.json?catalogue=false HTTP/1.1
11:51:42.774 [main] DEBUG org.apache.http.headers - >> Content-Type: application/json; charset=UTF-8
11:51:42.774 [main] DEBUG org.apache.http.headers - >> Accept: application/json
11:51:42.774 [main] DEBUG org.apache.http.headers - >> Content-Length: 0
11:51:42.775 [main] DEBUG org.apache.http.headers - >> Host: api.tmsandbox.co.nz
11:51:42.775 [main] DEBUG org.apache.http.headers - >> Connection: Keep-Alive
11:51:42.775 [main] DEBUG org.apache.http.headers - >> User-Agent: Apache-HttpClient/4.5.12 (Java/1.8.0_292)
11:51:42.775 [main] DEBUG org.apache.http.headers - >> Accept-Encoding: gzip,deflate
11:51:42.792 [main] DEBUG org.apache.http.wire -  << "HTTP/1.1 200 OK[\r][\n]"
11:51:42.792 [main] DEBUG org.apache.http.wire -  << "Content-Type: application/json[\r][\n]"
11:51:42.793 [main] DEBUG org.apache.http.wire -  << "X-Correlation-ID: 595d10a3-bdb9-4381-aa95-5217befad6ac[\r][\n]"
11:51:42.793 [main] DEBUG org.apache.http.wire -  << "X-Request-ID: 8cf65a0d-fab5-40b3-81a0-2b2d21451afb[\r][\n]"
11:51:42.793 [main] DEBUG org.apache.http.wire -  << "Access-Control-Allow-Origin: *[\r][\n]"
11:51:42.793 [main] DEBUG org.apache.http.wire -  << "Access-Control-Expose-Headers: ETag[\r][\n]"
11:51:42.793 [main] DEBUG org.apache.http.wire -  << "X-UA-Compatible: IE=Edge[\r][\n]"
11:51:42.793 [main] DEBUG org.apache.http.wire -  << "Vary: Accept-Encoding[\r][\n]"
11:51:42.793 [main] DEBUG org.apache.http.wire -  << "Content-Encoding: gzip[\r][\n]"
11:51:42.793 [main] DEBUG org.apache.http.wire -  << "Accept-Ranges: bytes[\r][\n]"
11:51:42.793 [main] DEBUG org.apache.http.wire -  << "Connection: Keep-Alive[\r][\n]"
11:51:42.793 [main] DEBUG org.apache.http.wire -  << "Date: Sat, 15 May 2021 23:51:43 GMT[\r][\n]"
11:51:42.793 [main] DEBUG org.apache.http.wire -  << "Age: 1671   [\r][\n]"
11:51:42.793 [main] DEBUG org.apache.http.wire -  << "Content-Length: 790[\r][\n]"
11:51:42.793 [main] DEBUG org.apache.http.wire -  << "[\r][\n]"
11:51:42.793 [main] DEBUG org.apache.http.impl.conn.DefaultClientConnection - Receiving response: HTTP/1.1 200 OK
11:51:42.793 [main] DEBUG org.apache.http.headers - << HTTP/1.1 200 OK
11:51:42.793 [main] DEBUG org.apache.http.headers - << Content-Type: application/json
11:51:42.793 [main] DEBUG org.apache.http.headers - << X-Correlation-ID: 595d10a3-bdb9-4381-aa95-5217befad6ac
11:51:42.793 [main] DEBUG org.apache.http.headers - << X-Request-ID: 8cf65a0d-fab5-40b3-81a0-2b2d21451afb
11:51:42.793 [main] DEBUG org.apache.http.headers - << Access-Control-Allow-Origin: *
11:51:42.794 [main] DEBUG org.apache.http.headers - << Access-Control-Expose-Headers: ETag
11:51:42.794 [main] DEBUG org.apache.http.headers - << X-UA-Compatible: IE=Edge
11:51:42.794 [main] DEBUG org.apache.http.headers - << Vary: Accept-Encoding
11:51:42.794 [main] DEBUG org.apache.http.headers - << Content-Encoding: gzip
11:51:42.794 [main] DEBUG org.apache.http.headers - << Accept-Ranges: bytes
11:51:42.794 [main] DEBUG org.apache.http.headers - << Connection: Keep-Alive
11:51:42.794 [main] DEBUG org.apache.http.headers - << Date: Sat, 15 May 2021 23:51:43 GMT
11:51:42.794 [main] DEBUG org.apache.http.headers - << Age: 1671   
11:51:42.794 [main] DEBUG org.apache.http.headers - << Content-Length: 790
11:51:42.794 [main] DEBUG org.apache.http.impl.client.DefaultHttpClient - Connection can be kept alive indefinitely
11:51:42.795 [main] DEBUG io.restassured.internal.RequestSpecificationImpl$RestAssuredHttpBuilder - Parsing response as: application/json
11:51:42.796 [main] DEBUG org.apache.http.wire -  << "[0x1f]"
11:51:42.796 [main] DEBUG org.apache.http.wire -  << "[0x8b]"
11:51:42.796 [main] DEBUG org.apache.http.wire -  << "[0x8]"
11:51:42.796 [main] DEBUG org.apache.http.wire -  << "[0x0]"
11:51:42.796 [main] DEBUG org.apache.http.wire -  << "[0x0][0x0][0x0][0x0][0x4][0x3]"
11:51:42.796 [main] DEBUG io.restassured.internal.RequestSpecificationImpl$RestAssuredHttpBuilder - Parsed data to instance of: class org.apache.http.conn.EofSensorInputStream
11:51:42.799 [main] DEBUG org.springframework.test.context.cache.DefaultCacheAwareContextLoaderDelegate - Retrieved ApplicationContext [775386112] from cache with key [[MergedContextConfiguration@15fa55a6 testClass = CategoriesAPIFunctionalTest, locations = '{}', classes = '{}', contextInitializerClasses = '[]', activeProfiles = '{}', propertySourceLocations = '{classpath:/test.properties}', propertySourceProperties = '{}', contextCustomizers = set[org.springframework.boot.test.context.filter.ExcludeFilterContextCustomizer@6b419da, org.springframework.boot.test.json.DuplicateJsonObjectContextCustomizerFactory$DuplicateJsonObjectContextCustomizer@258e2e41, org.springframework.boot.test.mock.mockito.MockitoContextCustomizer@0, org.springframework.boot.test.autoconfigure.properties.PropertyMappingContextCustomizer@0, org.springframework.boot.test.autoconfigure.web.servlet.WebDriverContextCustomizerFactory$Customizer@1df82230], contextLoader = 'org.springframework.test.context.support.DelegatingSmartContextLoader', parent = [null]]]
11:51:42.799 [main] DEBUG org.springframework.test.context.cache - Spring test ApplicationContext cache statistics: [DefaultContextCache@6440112d size = 1, maxSize = 32, parentContextCount = 0, hitCount = 50, missCount = 1]
11:51:42.800 [main] DEBUG org.apache.http.wire -  << "[0xaa]VrN,IM[0xcf]/[0xaa][0xf4]LQ[0xb2]2362[0xd7]Q[0xf2]K[0xcc]MU[0xb2][0x2]J[0x14]%[0xe5][0xe7])$[0x17][0xa5][0xa6]d[0x96][0x14]+[0xe9]([0x5]$[0x96]d[0x0][0xc5]c[0xf4][0x9d]J[0x8b]3[0xf3]R[0x8b][0x8b]u[0xd3][0x12][0x8b]r3[0xf3][0xd2]u3[0xf3]RJ[0x8b]K[0x8a]*c[0xf4]![0x9a]t[0x11][0x9a][0x9c][0x13][0xf3]|2[0x8b]K[0x1c]K[0x93]K2[0xf3][0xf3][0x8a][0x95][0xac]J[0x8a]JS[0xe1][0xc2][0xce]9[0x89][0xc5][0xc5][0x99]i[0x99][0xa9])[0xc8]2A[0xa9]9@9[0x98][0x80]Ojzb[0x8e]_~If2[0xd8]U[0xf9][0xb9][0x5]9[0x99][0x89]y[0xc9][0xa9][\n]"
11:51:42.800 [main] DEBUG org.apache.http.wire -  << ".[0xa9][0xc9]9[0x89]E[0x89] scJ[\r][0xc][0xc][0x12]=[0x15][0x92][0xf3][0xf3][0xd2]2[0x8b]r[0x15]J2[0x12]K[0x80]Djq[0xaa]B2[0xd8]E0o($[0x16][0x1][0x85]R[0x8b]J[0xc0][0x96]*$[0xe6][0xa5]([0x14][0xa5][0xa6][0x3]mK[0x5][0xca]+[0x94]g[0x96]d($[0xa2]k[0x81](([0xaa][0xd4]S[0x0][0xfa][0xc7]%5-[0xb1]4[0xa7][0xc4][0xa5][0x14]b[0xb1][0x92][0x95][0xa1][0x89][0x8e][0x92]cNN~yj[\n]"
11:51:42.800 [main] DEBUG org.apache.http.wire -  << "L[0x10][0xe8][0x97]h#[0x1d]c[0x1d][0x13][0x1d]S[0x1d]3[0x1d]s[0x1d]C[0x3][0x1d]C[0x93]X[0x1d]%[0xb7][0xd4]T[0xa0]T[0xb5][0x92]Si^J[0xe][0xd0]3[0x86][0xa6]z@g[0x1b][0xe8]([0xb9][0xe6][0xa5][0xb8][0x0][0xa3]A[0xc9][0xca]@[0xcf][0xc8][0x14]$[0xe0][0x96][0x9a]XRZ[0x4][0x14]04[0x80]*qO[0xcc][0xc9]I-[0xaa]T[0xb2]2[0x82][\n]"
11:51:42.800 [main] DEBUG org.apache.http.wire -  << "[0x80][0x82][0xf][0x18][0xf6]@[0x1]K[0xa8]H[0x10][0xd0][0xbb]Ee@M0S[0x82]K[0x93]J2K@6[0x19][0xe8][0x99][0x82]EBR[0xf3]\[0x12]+[0x81][0x8e][0x80])[0x81][0x9a][0x2]tYHfj[0x11]P"[0xba]Z[0xc9]73/3[0xb7]4[0x17]$[0x10]P[0x4][0xe]u[0xa0]B[0xb7][0xcc][0x8a][0xd4][0x14][0xa0]2[0xa8]}[0xb5]@[0xef][0x4][0xa7][0x2][0x83];[0x5][0x96]~[0x80][0xaa][0xf4],-[0x81]2@[0xb5]E[0xa9][0xa9][0x1][0x19][0xf9]%[0xf9][0xce][0xf9][0xa5]y[0xc0]x4[0x2][0xea][0xf7]M[0xac][0x0][0x19][0x8a].[0xec]Y[0xc]R[0x1c][0x92][0x8f][0x1a][0xe5][0x1]E[0xf9][0xb9][0xc0][0x8][0x87][0x84]d[0xb5][0x12](i[0x1a][0xc2][0xd3][0xa5]Sbqf28&[0x8a][0x93][0x8b]2[0xb]@[0xca][0x80][0xa2]>[0xc0][0x8](.Q([0xc8]/"
11:51:42.800 [main] DEBUG org.apache.http.wire -  << "[0xce][0x4][0x89](d[0x2][0xe3][0xf][0xe6]2[0x90][0x81][0x10][0x0]][0xe][0xf2]5[0xd4][0x87][0xc8][0x8e][0x1][0xba][0x1b]b[0x91][0x11][0xdc]"X[0x90][0xa3][[0xe5][0x9e][0x9f][0x9f]B[0xc0]"X$[0xf9][0x17]e[0xa6]g[0xe6]%[0xe6][0xa0][0x9][0xe3][0xb3][0xdf][0x18]n?,[0x11][0xa0][0xdb][0xef][0x94]Z[0x2]L[0xae][0x4]\[0x0]O8hN[0x80][0x8b][0x7][0x1]c/775/%[0x15]h)$[0xd8][0xf1]9[0xb][0x98][0xca]Q[0x9d][0xa5][0xe0][0x9c][0x9f][0x9b][0x94][0xf][0xb4][0x10][0xdd]q[0xe8][0xb1][0x0]u[0x9a][0x2]4[0x8f][0xe6]%[0xe7][0x94][0xa6][0xa4][0x16]+$[0xa5][0xe6][0xa5][0xa6][0x81][0xb2]W~[0x9a][0x2][0xcc]H[0x88][0x12][0x8f][0xcc][0xf4][0x8c][0x1c] [0x6][0xca][0x81][0x12][0x5]0y[0x82][0xcc])NM,J[0xce][0x0]f[0xc6]b`[0xf6]+[0x6][0xda][0xb][0xf3][0x10],[0x13][0xa1]{[0x14]&[0x8e][0xd5]W[0xc0][0xe4][0xeb][0x9a][0x9b][0x94][0x9a][0x2][0xf4][0xbd]s~^Ij^[0x89]?[0xd8][0x7][0xa0][0x4][0x7][0x94][0x83][0xa6][0xd6][0x10]P[0xee][0xf1]I[0xcd]K[0x7][0x15]|[0x16]@[0xb3][0x1c][0x8b]R[0x13][0xfd][0xd3]`[0xe5][0x1f][0xd0][0x12][0x90][0xf7][0xc1][0x5][0x2]$[0x1][0xbb][0x94][0x16]%[0x96]d[0xe6][0xe7])Y[0x99][0xd7][0x2][0x2][0x0][0x0][0xff][0xff][0x3]SU[0x8b][[0x5][0x0][0x0]"
11:51:42.800 [main] DEBUG org.apache.http.impl.conn.BasicClientConnectionManager - Releasing connection org.apache.http.impl.conn.ManagedClientConnectionImpl@f288c14
11:51:42.800 [main] DEBUG org.apache.http.impl.conn.BasicClientConnectionManager - Connection can be kept alive indefinitely
11:51:42.863 [main] DEBUG org.springframework.test.context.cache.DefaultCacheAwareContextLoaderDelegate - Retrieved ApplicationContext [775386112] from cache with key [[MergedContextConfiguration@15fa55a6 testClass = CategoriesAPIFunctionalTest, locations = '{}', classes = '{}', contextInitializerClasses = '[]', activeProfiles = '{}', propertySourceLocations = '{classpath:/test.properties}', propertySourceProperties = '{}', contextCustomizers = set[org.springframework.boot.test.context.filter.ExcludeFilterContextCustomizer@6b419da, org.springframework.boot.test.json.DuplicateJsonObjectContextCustomizerFactory$DuplicateJsonObjectContextCustomizer@258e2e41, org.springframework.boot.test.mock.mockito.MockitoContextCustomizer@0, org.springframework.boot.test.autoconfigure.properties.PropertyMappingContextCustomizer@0, org.springframework.boot.test.autoconfigure.web.servlet.WebDriverContextCustomizerFactory$Customizer@1df82230], contextLoader = 'org.springframework.test.context.support.DelegatingSmartContextLoader', parent = [null]]]
11:51:42.863 [main] DEBUG org.springframework.test.context.cache - Spring test ApplicationContext cache statistics: [DefaultContextCache@6440112d size = 1, maxSize = 32, parentContextCount = 0, hitCount = 51, missCount = 1]
11:51:42.865 [main] DEBUG org.springframework.test.context.cache.DefaultCacheAwareContextLoaderDelegate - Retrieved ApplicationContext [775386112] from cache with key [[MergedContextConfiguration@15fa55a6 testClass = CategoriesAPIFunctionalTest, locations = '{}', classes = '{}', contextInitializerClasses = '[]', activeProfiles = '{}', propertySourceLocations = '{classpath:/test.properties}', propertySourceProperties = '{}', contextCustomizers = set[org.springframework.boot.test.context.filter.ExcludeFilterContextCustomizer@6b419da, org.springframework.boot.test.json.DuplicateJsonObjectContextCustomizerFactory$DuplicateJsonObjectContextCustomizer@258e2e41, org.springframework.boot.test.mock.mockito.MockitoContextCustomizer@0, org.springframework.boot.test.autoconfigure.properties.PropertyMappingContextCustomizer@0, org.springframework.boot.test.autoconfigure.web.servlet.WebDriverContextCustomizerFactory$Customizer@1df82230], contextLoader = 'org.springframework.test.context.support.DelegatingSmartContextLoader', parent = [null]]]
11:51:42.865 [main] DEBUG org.springframework.test.context.cache - Spring test ApplicationContext cache statistics: [DefaultContextCache@6440112d size = 1, maxSize = 32, parentContextCount = 0, hitCount = 52, missCount = 1]
11:51:42.866 [main] DEBUG org.springframework.test.context.cache.DefaultCacheAwareContextLoaderDelegate - Retrieved ApplicationContext [775386112] from cache with key [[MergedContextConfiguration@15fa55a6 testClass = CategoriesAPIFunctionalTest, locations = '{}', classes = '{}', contextInitializerClasses = '[]', activeProfiles = '{}', propertySourceLocations = '{classpath:/test.properties}', propertySourceProperties = '{}', contextCustomizers = set[org.springframework.boot.test.context.filter.ExcludeFilterContextCustomizer@6b419da, org.springframework.boot.test.json.DuplicateJsonObjectContextCustomizerFactory$DuplicateJsonObjectContextCustomizer@258e2e41, org.springframework.boot.test.mock.mockito.MockitoContextCustomizer@0, org.springframework.boot.test.autoconfigure.properties.PropertyMappingContextCustomizer@0, org.springframework.boot.test.autoconfigure.web.servlet.WebDriverContextCustomizerFactory$Customizer@1df82230], contextLoader = 'org.springframework.test.context.support.DelegatingSmartContextLoader', parent = [null]]]
11:51:42.866 [main] DEBUG org.springframework.test.context.cache - Spring test ApplicationContext cache statistics: [DefaultContextCache@6440112d size = 1, maxSize = 32, parentContextCount = 0, hitCount = 53, missCount = 1]
11:51:42.866 [main] DEBUG org.springframework.test.context.cache.DefaultCacheAwareContextLoaderDelegate - Retrieved ApplicationContext [775386112] from cache with key [[MergedContextConfiguration@15fa55a6 testClass = CategoriesAPIFunctionalTest, locations = '{}', classes = '{}', contextInitializerClasses = '[]', activeProfiles = '{}', propertySourceLocations = '{classpath:/test.properties}', propertySourceProperties = '{}', contextCustomizers = set[org.springframework.boot.test.context.filter.ExcludeFilterContextCustomizer@6b419da, org.springframework.boot.test.json.DuplicateJsonObjectContextCustomizerFactory$DuplicateJsonObjectContextCustomizer@258e2e41, org.springframework.boot.test.mock.mockito.MockitoContextCustomizer@0, org.springframework.boot.test.autoconfigure.properties.PropertyMappingContextCustomizer@0, org.springframework.boot.test.autoconfigure.web.servlet.WebDriverContextCustomizerFactory$Customizer@1df82230], contextLoader = 'org.springframework.test.context.support.DelegatingSmartContextLoader', parent = [null]]]
11:51:42.867 [main] DEBUG org.springframework.test.context.cache - Spring test ApplicationContext cache statistics: [DefaultContextCache@6440112d size = 1, maxSize = 32, parentContextCount = 0, hitCount = 54, missCount = 1]
11:51:42.868 [main] DEBUG org.springframework.test.context.cache.DefaultCacheAwareContextLoaderDelegate - Retrieved ApplicationContext [775386112] from cache with key [[MergedContextConfiguration@15fa55a6 testClass = CategoriesAPIFunctionalTest, locations = '{}', classes = '{}', contextInitializerClasses = '[]', activeProfiles = '{}', propertySourceLocations = '{classpath:/test.properties}', propertySourceProperties = '{}', contextCustomizers = set[org.springframework.boot.test.context.filter.ExcludeFilterContextCustomizer@6b419da, org.springframework.boot.test.json.DuplicateJsonObjectContextCustomizerFactory$DuplicateJsonObjectContextCustomizer@258e2e41, org.springframework.boot.test.mock.mockito.MockitoContextCustomizer@0, org.springframework.boot.test.autoconfigure.properties.PropertyMappingContextCustomizer@0, org.springframework.boot.test.autoconfigure.web.servlet.WebDriverContextCustomizerFactory$Customizer@1df82230], contextLoader = 'org.springframework.test.context.support.DelegatingSmartContextLoader', parent = [null]]]
11:51:42.868 [main] DEBUG org.springframework.test.context.cache - Spring test ApplicationContext cache statistics: [DefaultContextCache@6440112d size = 1, maxSize = 32, parentContextCount = 0, hitCount = 55, missCount = 1]
11:51:42.869 [main] DEBUG org.springframework.test.context.cache.DefaultCacheAwareContextLoaderDelegate - Retrieved ApplicationContext [775386112] from cache with key [[MergedContextConfiguration@15fa55a6 testClass = CategoriesAPIFunctionalTest, locations = '{}', classes = '{}', contextInitializerClasses = '[]', activeProfiles = '{}', propertySourceLocations = '{classpath:/test.properties}', propertySourceProperties = '{}', contextCustomizers = set[org.springframework.boot.test.context.filter.ExcludeFilterContextCustomizer@6b419da, org.springframework.boot.test.json.DuplicateJsonObjectContextCustomizerFactory$DuplicateJsonObjectContextCustomizer@258e2e41, org.springframework.boot.test.mock.mockito.MockitoContextCustomizer@0, org.springframework.boot.test.autoconfigure.properties.PropertyMappingContextCustomizer@0, org.springframework.boot.test.autoconfigure.web.servlet.WebDriverContextCustomizerFactory$Customizer@1df82230], contextLoader = 'org.springframework.test.context.support.DelegatingSmartContextLoader', parent = [null]]]
11:51:42.869 [main] DEBUG org.springframework.test.context.cache - Spring test ApplicationContext cache statistics: [DefaultContextCache@6440112d size = 1, maxSize = 32, parentContextCount = 0, hitCount = 56, missCount = 1]
11:51:42.870 [main] DEBUG org.springframework.test.context.support.AbstractDirtiesContextTestExecutionListener - After test method: context [DefaultTestContext@f8f56b9 testClass = CategoriesAPIFunctionalTest, testInstance = nz.assurity.categories.functionaltests.CategoriesAPIFunctionalTest@7a34f66a, testMethod = getCategory_Details_By_CategoryId_Description_Should_Be_Correct@CategoriesAPIFunctionalTest, testException = org.opentest4j.AssertionFailedError: expected: <Good position in category> but was: <2x larger image>, mergedContextConfiguration = [MergedContextConfiguration@15fa55a6 testClass = CategoriesAPIFunctionalTest, locations = '{}', classes = '{}', contextInitializerClasses = '[]', activeProfiles = '{}', propertySourceLocations = '{classpath:/test.properties}', propertySourceProperties = '{}', contextCustomizers = set[org.springframework.boot.test.context.filter.ExcludeFilterContextCustomizer@6b419da, org.springframework.boot.test.json.DuplicateJsonObjectContextCustomizerFactory$DuplicateJsonObjectContextCustomizer@258e2e41, org.springframework.boot.test.mock.mockito.MockitoContextCustomizer@0, org.springframework.boot.test.autoconfigure.properties.PropertyMappingContextCustomizer@0, org.springframework.boot.test.autoconfigure.web.servlet.WebDriverContextCustomizerFactory$Customizer@1df82230], contextLoader = 'org.springframework.test.context.support.DelegatingSmartContextLoader', parent = [null]], attributes = map[[empty]]], class annotated with @DirtiesContext [false] with mode [null], method annotated with @DirtiesContext [false] with mode [null].
]]></system-out>
  </testcase>
  <testcase name="getCategory_Should_Return_Status_404_Notfound" classname="nz.assurity.categories.functionaltests.CategoriesAPIFunctionalTest" time="0.498"/>
  <testcase name="getCategory_Should_Return_Status_403_Forbidden" classname="nz.assurity.categories.functionaltests.CategoriesAPIFunctionalTest" time="0.618"/>
</testsuite>